[2026-07-14 22:02:55] local.ERROR: The C:\Users\supor\OneDrive\Documentos\GitHub\epiperEcommerce\epiper-portal-kilo\8ae0564b-fe3f-4267-8e12-af3e2c096480\epiper-saas\backend\bootstrap\cache directory must be present and writable. {"exception":"[object] (Exception(code: 0): The C:\\Users\\supor\\OneDrive\\Documentos\\GitHub\\epiperEcommerce\\epiper-portal-kilo\\8ae0564b-fe3f-4267-8e12-af3e2c096480\\epiper-saas\\backend\\bootstrap\\cache directory must be present and writable. at C:/Users/supor/OneDrive/Documentos/GitHub/epiperEcommerce/epiper-portal-kilo/8ae0564b-fe3f-4267-8e12-af3e2c096480/epiper-saas/backend/vendor/laravel/framework/src/Illuminate/Foundation/PackageManifest.php:179)
[stacktrace]
#0 C:/Users/supor/OneDrive/Documentos/GitHub/epiperEcommerce/epiper-portal-kilo/8ae0564b-fe3f-4267-8e12-af3e2c096480/epiper-saas/backend/vendor/laravel/framework/src/Illuminate/Foundation/PackageManifest.php(132): Illuminate/Foundation/PackageManifest->write()
#1 C:/Users/supor/OneDrive/Documentos/GitHub/epiperEcommerce/epiper-portal-kilo/8ae0564b-fe3f-4267-8e12-af3e2c096480/epiper-saas/backend/vendor/laravel/framework/src/Illuminate/Foundation/PackageManifest.php(108): Illuminate/Foundation/PackageManifest->build()
#2 C:/Users/supor/OneDrive/Documentos/GitHub/epiperEcommerce/epiper-portal-kilo/8ae0564b-fe3f-4267-8e12-af3e2c096480/epiper-saas/backend/vendor/laravel/framework/src/Illuminate/Foundation/PackageManifest.php(91): Illuminate/Foundation/PackageManifest->getManifest()
#3 C:/Users/supor/OneDrive/Documentos/GitHub/epiperEcommerce/epiper-portal-kilo/8ae0564b-fe3f-4267-8e12-af3e2c096480/epiper-saas/backend/vendor/laravel/framework/src/Illuminate/Foundation/PackageManifest.php(80): Illuminate/Foundation/PackageManifest->config()
#4 C:/Users/supor/OneDrive/Documentos/GitHub/epiperEcommerce/epiper-portal-kilo/8ae0564b-fe3f-4267-8e12-af3e2c096480/epiper-saas/backend/vendor/laravel/framework/src/Illuminate/Foundation/Bootstrap/RegisterFacades.php(26): Illuminate/Foundation/PackageManifest->aliases()
#5 C:/Users/supor/OneDrive/Documentos/GitHub/epiperEcommerce/epiper-portal-kilo/8ae0564b-fe3f-4267-8e12-af3e2c096480/epiper-saas/backend/vendor/laravel/framework/src/Illuminate/Foundation/Application.php(342): Illuminate/Foundation/Bootstrap/RegisterFacades->bootstrap()
#6 C:/Users/supor/OneDrive/Documentos/GitHub/epiperEcommerce/epiper-portal-kilo/8ae0564b-fe3f-4267-8e12-af3e2c096480/epiper-saas/backend/vendor/laravel/framework/src/Illuminate/Foundation/Console/Kernel.php(474): Illuminate/Foundation/Application->bootstrapWith()
#7 C:/Users/supor/OneDrive/Documentos/GitHub/epiperEcommerce/epiper-portal-kilo/8ae0564b-fe3f-4267-8e12-af3e2c096480/epiper-saas/backend/vendor/laravel/framework/src/Illuminate/Foundation/Console/Kernel.php(196): Illuminate/Foundation/Console/Kernel->bootstrap()
#8 C:/Users/supor/OneDrive/Documentos/GitHub/epiperEcommerce/epiper-portal-kilo/8ae0564b-fe3f-4267-8e12-af3e2c096480/epiper-saas/backend/artisan(12): Illuminate/Foundation/Console/Kernel->handle()
#9 {main}
"} 
[2026-07-14 22:03:17] local.ERROR: Target class [DatabaseSeeder] does not exist. {"exception":"[object] (Illuminate\\Contracts\\Container\\BindingResolutionException(code: 0): Target class [DatabaseSeeder] does not exist. at C:/Users/supor/OneDrive/Documentos/GitHub/epiperEcommerce/epiper-portal-kilo/8ae0564b-fe3f-4267-8e12-af3e2c096480/epiper-saas/backend/vendor/laravel/framework/src/Illuminate/Container/Container.php:961)
[stacktrace]
#0 C:/Users/supor/OneDrive/Documentos/GitHub/epiperEcommerce/epiper-portal-kilo/8ae0564b-fe3f-4267-8e12-af3e2c096480/epiper-saas/backend/vendor/laravel/framework/src/Illuminate/Container/Container.php(832): Illuminate/Container/Container->build()
#1 C:/Users/supor/OneDrive/Documentos/GitHub/epiperEcommerce/epiper-portal-kilo/8ae0564b-fe3f-4267-8e12-af3e2c096480/epiper-saas/backend/vendor/laravel/framework/src/Illuminate/Foundation/Application.php(1078): Illuminate/Container/Container->resolve()
#2 C:/Users/supor/OneDrive/Documentos/GitHub/epiperEcommerce/epiper-portal-kilo/8ae0564b-fe3f-4267-8e12-af3e2c096480/epiper-saas/backend/vendor/laravel/framework/src/Illuminate/Container/Container.php(763): Illuminate/Foundation/Application->resolve()
#3 C:/Users/supor/OneDrive/Documentos/GitHub/epiperEcommerce/epiper-portal-kilo/8ae0564b-fe3f-4267-8e12-af3e2c096480/epiper-saas/backend/vendor/laravel/framework/src/Illuminate/Foundation/Application.php(1058): Illuminate/Container/Container->make()
#4 C:/Users/supor/OneDrive/Documentos/GitHub/epiperEcommerce/epiper-portal-kilo/8ae0564b-fe3f-4267-8e12-af3e2c096480/epiper-saas/backend/vendor/laravel/framework/src/Illuminate/Database/Console/Seeds/SeedCommand.php(98): Illuminate/Foundation/Application->make()
#5 C:/Users/supor/OneDrive/Documentos/GitHub/epiperEcommerce/epiper-portal-kilo/8ae0564b-fe3f-4267-8e12-af3e2c096480/epiper-saas/backend/vendor/laravel/framework/src/Illuminate/Database/Console/Seeds/SeedCommand.php(70): Illuminate/Database/Console/Seeds/SeedCommand->getSeeder()
#6 C:/Users/supor/OneDrive/Documentos/GitHub/epiperEcommerce/epiper-portal-kilo/8ae0564b-fe3f-4267-8e12-af3e2c096480/epiper-saas/backend/vendor/laravel/framework/src/Illuminate/Database/Eloquent/Concerns/GuardsAttributes.php(155): Illuminate/Database/Console/Seeds/SeedCommand->{closure:Illuminate/Database/Console/Seeds/SeedCommand::handle():69}()
#7 C:/Users/supor/OneDrive/Documentos/GitHub/epiperEcommerce/epiper-portal-kilo/8ae0564b-fe3f-4267-8e12-af3e2c096480/epiper-saas/backend/vendor/laravel/framework/src/Illuminate/Database/Console/Seeds/SeedCommand.php(69): Illuminate/Database/Eloquent/Model::unguarded()
#8 C:/Users/supor/OneDrive/Documentos/GitHub/epiperEcommerce/epiper-portal-kilo/8ae0564b-fe3f-4267-8e12-af3e2c096480/epiper-saas/backend/vendor/laravel/framework/src/Illuminate/Container/BoundMethod.php(36): Illuminate/Database/Console/Seeds/SeedCommand->handle()
#9 C:/Users/supor/OneDrive/Documentos/GitHub/epiperEcommerce/epiper-portal-kilo/8ae0564b-fe3f-4267-8e12-af3e2c096480/epiper-saas/backend/vendor/laravel/framework/src/Illuminate/Container/Util.php(43): Illuminate/Container/BoundMethod::{closure:Illuminate/Container/BoundMethod::call():35}()
#10 C:/Users/supor/OneDrive/Documentos/GitHub/epiperEcommerce/epiper-portal-kilo/8ae0564b-fe3f-4267-8e12-af3e2c096480/epiper-saas/backend/vendor/laravel/framework/src/Illuminate/Container/BoundMethod.php(95): Illuminate/Container/Util::unwrapIfClosure()
#11 C:/Users/supor/OneDrive/Documentos/GitHub/epiperEcommerce/epiper-portal-kilo/8ae0564b-fe3f-4267-8e12-af3e2c096480/epiper-saas/backend/vendor/laravel/framework/src/Illuminate/Container/BoundMethod.php(35): Illuminate/Container/BoundMethod::callBoundMethod()
#12 C:/Users/supor/OneDrive/Documentos/GitHub/epiperEcommerce/epiper-portal-kilo/8ae0564b-fe3f-4267-8e12-af3e2c096480/epiper-saas/backend/vendor/laravel/framework/src/Illuminate/Container/Container.php(696): Illuminate/Container/BoundMethod::call()
#13 C:/Users/supor/OneDrive/Documentos/GitHub/epiperEcommerce/epiper-portal-kilo/8ae0564b-fe3f-4267-8e12-af3e2c096480/epiper-saas/backend/vendor/laravel/framework/src/Illuminate/Console/Command.php(213): Illuminate/Container/Container->call()
#14 C:/Users/supor/OneDrive/Documentos/GitHub/epiperEcommerce/epiper-portal-kilo/8ae0564b-fe3f-4267-8e12-af3e2c096480/epiper-saas/backend/vendor/symfony/console/Command/Command.php(341): Illuminate/Console/Command->execute()
#15 C:/Users/supor/OneDrive/Documentos/GitHub/epiperEcommerce/epiper-portal-kilo/8ae0564b-fe3f-4267-8e12-af3e2c096480/epiper-saas/backend/vendor/laravel/framework/src/Illuminate/Console/Command.php(182): Symfony/Component/Console/Command/Command->run()
#16 C:/Users/supor/OneDrive/Documentos/GitHub/epiperEcommerce/epiper-portal-kilo/8ae0564b-fe3f-4267-8e12-af3e2c096480/epiper-saas/backend/vendor/symfony/console/Application.php(1117): Illuminate/Console/Command->run()
#17 C:/Users/supor/OneDrive/Documentos/GitHub/epiperEcommerce/epiper-portal-kilo/8ae0564b-fe3f-4267-8e12-af3e2c096480/epiper-saas/backend/vendor/symfony/console/Application.php(356): Symfony/Component/Console/Application->doRunCommand()
#18 C:/Users/supor/OneDrive/Documentos/GitHub/epiperEcommerce/epiper-portal-kilo/8ae0564b-fe3f-4267-8e12-af3e2c096480/epiper-saas/backend/vendor/symfony/console/Application.php(195): Symfony/Component/Console/Application->doRun()
#19 C:/Users/supor/OneDrive/Documentos/GitHub/epiperEcommerce/epiper-portal-kilo/8ae0564b-fe3f-4267-8e12-af3e2c096480/epiper-saas/backend/vendor/laravel/framework/src/Illuminate/Foundation/Console/Kernel.php(198): Symfony/Component/Console/Application->run()
#20 C:/Users/supor/OneDrive/Documentos/GitHub/epiperEcommerce/epiper-portal-kilo/8ae0564b-fe3f-4267-8e12-af3e2c096480/epiper-saas/backend/artisan(12): Illuminate/Foundation/Console/Kernel->handle()
#21 {main}

[previous exception] [object] (ReflectionException(code: -1): Class \"DatabaseSeeder\" does not exist at C:/Users/supor/OneDrive/Documentos/GitHub/epiperEcommerce/epiper-portal-kilo/8ae0564b-fe3f-4267-8e12-af3e2c096480/epiper-saas/backend/vendor/laravel/framework/src/Illuminate/Container/Container.php:959)
[stacktrace]
#0 C:/Users/supor/OneDrive/Documentos/GitHub/epiperEcommerce/epiper-portal-kilo/8ae0564b-fe3f-4267-8e12-af3e2c096480/epiper-saas/backend/vendor/laravel/framework/src/Illuminate/Container/Container.php(959): ReflectionClass->__construct()
#1 C:/Users/supor/OneDrive/Documentos/GitHub/epiperEcommerce/epiper-portal-kilo/8ae0564b-fe3f-4267-8e12-af3e2c096480/epiper-saas/backend/vendor/laravel/framework/src/Illuminate/Container/Container.php(832): Illuminate/Container/Container->build()
#2 C:/Users/supor/OneDrive/Documentos/GitHub/epiperEcommerce/epiper-portal-kilo/8ae0564b-fe3f-4267-8e12-af3e2c096480/epiper-saas/backend/vendor/laravel/framework/src/Illuminate/Foundation/Application.php(1078): Illuminate/Container/Container->resolve()
#3 C:/Users/supor/OneDrive/Documentos/GitHub/epiperEcommerce/epiper-portal-kilo/8ae0564b-fe3f-4267-8e12-af3e2c096480/epiper-saas/backend/vendor/laravel/framework/src/Illuminate/Container/Container.php(763): Illuminate/Foundation/Application->resolve()
#4 C:/Users/supor/OneDrive/Documentos/GitHub/epiperEcommerce/epiper-portal-kilo/8ae0564b-fe3f-4267-8e12-af3e2c096480/epiper-saas/backend/vendor/laravel/framework/src/Illuminate/Foundation/Application.php(1058): Illuminate/Container/Container->make()
#5 C:/Users/supor/OneDrive/Documentos/GitHub/epiperEcommerce/epiper-portal-kilo/8ae0564b-fe3f-4267-8e12-af3e2c096480/epiper-saas/backend/vendor/laravel/framework/src/Illuminate/Database/Console/Seeds/SeedCommand.php(98): Illuminate/Foundation/Application->make()
#6 C:/Users/supor/OneDrive/Documentos/GitHub/epiperEcommerce/epiper-portal-kilo/8ae0564b-fe3f-4267-8e12-af3e2c096480/epiper-saas/backend/vendor/laravel/framework/src/Illuminate/Database/Console/Seeds/SeedCommand.php(70): Illuminate/Database/Console/Seeds/SeedCommand->getSeeder()
#7 C:/Users/supor/OneDrive/Documentos/GitHub/epiperEcommerce/epiper-portal-kilo/8ae0564b-fe3f-4267-8e12-af3e2c096480/epiper-saas/backend/vendor/laravel/framework/src/Illuminate/Database/Eloquent/Concerns/GuardsAttributes.php(155): Illuminate/Database/Console/Seeds/SeedCommand->{closure:Illuminate/Database/Console/Seeds/SeedCommand::handle():69}()
#8 C:/Users/supor/OneDrive/Documentos/GitHub/epiperEcommerce/epiper-portal-kilo/8ae0564b-fe3f-4267-8e12-af3e2c096480/epiper-saas/backend/vendor/laravel/framework/src/Illuminate/Database/Console/Seeds/SeedCommand.php(69): Illuminate/Database/Eloquent/Model::unguarded()
#9 C:/Users/supor/OneDrive/Documentos/GitHub/epiperEcommerce/epiper-portal-kilo/8ae0564b-fe3f-4267-8e12-af3e2c096480/epiper-saas/backend/vendor/laravel/framework/src/Illuminate/Container/BoundMethod.php(36): Illuminate/Database/Console/Seeds/SeedCommand->handle()
#10 C:/Users/supor/OneDrive/Documentos/GitHub/epiperEcommerce/epiper-portal-kilo/8ae0564b-fe3f-4267-8e12-af3e2c096480/epiper-saas/backend/vendor/laravel/framework/src/Illuminate/Container/Util.php(43): Illuminate/Container/BoundMethod::{closure:Illuminate/Container/BoundMethod::call():35}()
#11 C:/Users/supor/OneDrive/Documentos/GitHub/epiperEcommerce/epiper-portal-kilo/8ae0564b-fe3f-4267-8e12-af3e2c096480/epiper-saas/backend/vendor/laravel/framework/src/Illuminate/Container/BoundMethod.php(95): Illuminate/Container/Util::unwrapIfClosure()
#12 C:/Users/supor/OneDrive/Documentos/GitHub/epiperEcommerce/epiper-portal-kilo/8ae0564b-fe3f-4267-8e12-af3e2c096480/epiper-saas/backend/vendor/laravel/framework/src/Illuminate/Container/BoundMethod.php(35): Illuminate/Container/BoundMethod::callBoundMethod()
#13 C:/Users/supor/OneDrive/Documentos/GitHub/epiperEcommerce/epiper-portal-kilo/8ae0564b-fe3f-4267-8e12-af3e2c096480/epiper-saas/backend/vendor/laravel/framework/src/Illuminate/Container/Container.php(696): Illuminate/Container/BoundMethod::call()
#14 C:/Users/supor/OneDrive/Documentos/GitHub/epiperEcommerce/epiper-portal-kilo/8ae0564b-fe3f-4267-8e12-af3e2c096480/epiper-saas/backend/vendor/laravel/framework/src/Illuminate/Console/Command.php(213): Illuminate/Container/Container->call()
#15 C:/Users/supor/OneDrive/Documentos/GitHub/epiperEcommerce/epiper-portal-kilo/8ae0564b-fe3f-4267-8e12-af3e2c096480/epiper-saas/backend/vendor/symfony/console/Command/Command.php(341): Illuminate/Console/Command->execute()
#16 C:/Users/supor/OneDrive/Documentos/GitHub/epiperEcommerce/epiper-portal-kilo/8ae0564b-fe3f-4267-8e12-af3e2c096480/epiper-saas/backend/vendor/laravel/framework/src/Illuminate/Console/Command.php(182): Symfony/Component/Console/Command/Command->run()
#17 C:/Users/supor/OneDrive/Documentos/GitHub/epiperEcommerce/epiper-portal-kilo/8ae0564b-fe3f-4267-8e12-af3e2c096480/epiper-saas/backend/vendor/symfony/console/Application.php(1117): Illuminate/Console/Command->run()
#18 C:/Users/supor/OneDrive/Documentos/GitHub/epiperEcommerce/epiper-portal-kilo/8ae0564b-fe3f-4267-8e12-af3e2c096480/epiper-saas/backend/vendor/symfony/console/Application.php(356): Symfony/Component/Console/Application->doRunCommand()
#19 C:/Users/supor/OneDrive/Documentos/GitHub/epiperEcommerce/epiper-portal-kilo/8ae0564b-fe3f-4267-8e12-af3e2c096480/epiper-saas/backend/vendor/symfony/console/Application.php(195): Symfony/Component/Console/Application->doRun()
#20 C:/Users/supor/OneDrive/Documentos/GitHub/epiperEcommerce/epiper-portal-kilo/8ae0564b-fe3f-4267-8e12-af3e2c096480/epiper-saas/backend/vendor/laravel/framework/src/Illuminate/Foundation/Console/Kernel.php(198): Symfony/Component/Console/Application->run()
#21 C:/Users/supor/OneDrive/Documentos/GitHub/epiperEcommerce/epiper-portal-kilo/8ae0564b-fe3f-4267-8e12-af3e2c096480/epiper-saas/backend/artisan(12): Illuminate/Foundation/Console/Kernel->handle()
#22 {main}
"} 
[2026-07-14 22:04:01] local.ERROR: SQLSTATE[HY000]: General error: 1 no such table: cache (Connection: sqlite, SQL: select * from "cache" where "key" in (epiper_tecnologia_cache_spatie.permission.cache)) {"exception":"[object] (Illuminate\\Database\\QueryException(code: HY000): SQLSTATE[HY000]: General error: 1 no such table: cache (Connection: sqlite, SQL: select * from \"cache\" where \"key\" in (epiper_tecnologia_cache_spatie.permission.cache)) at C:/Users/supor/OneDrive/Documentos/GitHub/epiperEcommerce/epiper-portal-kilo/8ae0564b-fe3f-4267-8e12-af3e2c096480/epiper-saas/backend/vendor/laravel/framework/src/Illuminate/Database/Connection.php:825)
[stacktrace]
#0 C:/Users/supor/OneDrive/Documentos/GitHub/epiperEcommerce/epiper-portal-kilo/8ae0564b-fe3f-4267-8e12-af3e2c096480/epiper-saas/backend/vendor/laravel/framework/src/Illuminate/Database/Connection.php(779): Illuminate/Database/Connection->runQueryCallback()
#1 C:/Users/supor/OneDrive/Documentos/GitHub/epiperEcommerce/epiper-portal-kilo/8ae0564b-fe3f-4267-8e12-af3e2c096480/epiper-saas/backend/vendor/laravel/framework/src/Illuminate/Database/Connection.php(398): Illuminate/Database/Connection->run()
#2 C:/Users/supor/OneDrive/Documentos/GitHub/epiperEcommerce/epiper-portal-kilo/8ae0564b-fe3f-4267-8e12-af3e2c096480/epiper-saas/backend/vendor/laravel/framework/src/Illuminate/Database/Query/Builder.php(3106): Illuminate/Database/Connection->select()
#3 C:/Users/supor/OneDrive/Documentos/GitHub/epiperEcommerce/epiper-portal-kilo/8ae0564b-fe3f-4267-8e12-af3e2c096480/epiper-saas/backend/vendor/laravel/framework/src/Illuminate/Database/Query/Builder.php(3091): Illuminate/Database/Query/Builder->runSelect()
#4 C:/Users/supor/OneDrive/Documentos/GitHub/epiperEcommerce/epiper-portal-kilo/8ae0564b-fe3f-4267-8e12-af3e2c096480/epiper-saas/backend/vendor/laravel/framework/src/Illuminate/Database/Query/Builder.php(3676): Illuminate/Database/Query/Builder->{closure:Illuminate/Database/Query/Builder::get():3090}()
#5 C:/Users/supor/OneDrive/Documentos/GitHub/epiperEcommerce/epiper-portal-kilo/8ae0564b-fe3f-4267-8e12-af3e2c096480/epiper-saas/backend/vendor/laravel/framework/src/Illuminate/Database/Query/Builder.php(3090): Illuminate/Database/Query/Builder->onceWithColumns()
#6 C:/Users/supor/OneDrive/Documentos/GitHub/epiperEcommerce/epiper-portal-kilo/8ae0564b-fe3f-4267-8e12-af3e2c096480/epiper-saas/backend/vendor/laravel/framework/src/Illuminate/Cache/DatabaseStore.php(130): Illuminate/Database/Query/Builder->get()
#7 C:/Users/supor/OneDrive/Documentos/GitHub/epiperEcommerce/epiper-portal-kilo/8ae0564b-fe3f-4267-8e12-af3e2c096480/epiper-saas/backend/vendor/laravel/framework/src/Illuminate/Cache/DatabaseStore.php(105): Illuminate/Cache/DatabaseStore->many()
#8 C:/Users/supor/OneDrive/Documentos/GitHub/epiperEcommerce/epiper-portal-kilo/8ae0564b-fe3f-4267-8e12-af3e2c096480/epiper-saas/backend/vendor/laravel/framework/src/Illuminate/Cache/Repository.php(117): Illuminate/Cache/DatabaseStore->get()
#9 C:/Users/supor/OneDrive/Documentos/GitHub/epiperEcommerce/epiper-portal-kilo/8ae0564b-fe3f-4267-8e12-af3e2c096480/epiper-saas/backend/vendor/laravel/framework/src/Illuminate/Cache/Repository.php(418): Illuminate/Cache/Repository->get()
#10 C:/Users/supor/OneDrive/Documentos/GitHub/epiperEcommerce/epiper-portal-kilo/8ae0564b-fe3f-4267-8e12-af3e2c096480/epiper-saas/backend/vendor/spatie/laravel-permission/src/PermissionRegistrar.php(221): Illuminate/Cache/Repository->remember()
#11 C:/Users/supor/OneDrive/Documentos/GitHub/epiperEcommerce/epiper-portal-kilo/8ae0564b-fe3f-4267-8e12-af3e2c096480/epiper-saas/backend/vendor/spatie/laravel-permission/src/PermissionRegistrar.php(243): Spatie/Permission/PermissionRegistrar->loadPermissions()
#12 C:/Users/supor/OneDrive/Documentos/GitHub/epiperEcommerce/epiper-portal-kilo/8ae0564b-fe3f-4267-8e12-af3e2c096480/epiper-saas/backend/vendor/spatie/laravel-permission/src/Models/Permission.php(146): Spatie/Permission/PermissionRegistrar->getPermissions()
#13 C:/Users/supor/OneDrive/Documentos/GitHub/epiperEcommerce/epiper-portal-kilo/8ae0564b-fe3f-4267-8e12-af3e2c096480/epiper-saas/backend/vendor/spatie/laravel-permission/src/Models/Permission.php(157): Spatie/Permission/Models/Permission::getPermissions()
#14 C:/Users/supor/OneDrive/Documentos/GitHub/epiperEcommerce/epiper-portal-kilo/8ae0564b-fe3f-4267-8e12-af3e2c096480/epiper-saas/backend/vendor/spatie/laravel-permission/src/Models/Permission.php(47): Spatie/Permission/Models/Permission::getPermission()
#15 C:/Users/supor/OneDrive/Documentos/GitHub/epiperEcommerce/epiper-portal-kilo/8ae0564b-fe3f-4267-8e12-af3e2c096480/epiper-saas/backend/database/seeders/RolePermissionSeeder.php(28): Spatie/Permission/Models/Permission::create()
#16 C:/Users/supor/OneDrive/Documentos/GitHub/epiperEcommerce/epiper-portal-kilo/8ae0564b-fe3f-4267-8e12-af3e2c096480/epiper-saas/backend/vendor/laravel/framework/src/Illuminate/Container/BoundMethod.php(36): Database/Seeders/RolePermissionSeeder->run()
#17 C:/Users/supor/OneDrive/Documentos/GitHub/epiperEcommerce/epiper-portal-kilo/8ae0564b-fe3f-4267-8e12-af3e2c096480/epiper-saas/backend/vendor/laravel/framework/src/Illuminate/Container/Util.php(43): Illuminate/Container/BoundMethod::{closure:Illuminate/Container/BoundMethod::call():35}()
#18 C:/Users/supor/OneDrive/Documentos/GitHub/epiperEcommerce/epiper-portal-kilo/8ae0564b-fe3f-4267-8e12-af3e2c096480/epiper-saas/backend/vendor/laravel/framework/src/Illuminate/Container/BoundMethod.php(95): Illuminate/Container/Util::unwrapIfClosure()
#19 C:/Users/supor/OneDrive/Documentos/GitHub/epiperEcommerce/epiper-portal-kilo/8ae0564b-fe3f-4267-8e12-af3e2c096480/epiper-saas/backend/vendor/laravel/framework/src/Illuminate/Container/BoundMethod.php(35): Illuminate/Container/BoundMethod::callBoundMethod()
#20 C:/Users/supor/OneDrive/Documentos/GitHub/epiperEcommerce/epiper-portal-kilo/8ae0564b-fe3f-4267-8e12-af3e2c096480/epiper-saas/backend/vendor/laravel/framework/src/Illuminate/Container/Container.php(696): Illuminate/Container/BoundMethod::call()
#21 C:/Users/supor/OneDrive/Documentos/GitHub/epiperEcommerce/epiper-portal-kilo/8ae0564b-fe3f-4267-8e12-af3e2c096480/epiper-saas/backend/vendor/laravel/framework/src/Illuminate/Database/Seeder.php(188): Illuminate/Container/Container->call()
#22 C:/Users/supor/OneDrive/Documentos/GitHub/epiperEcommerce/epiper-portal-kilo/8ae0564b-fe3f-4267-8e12-af3e2c096480/epiper-saas/backend/vendor/laravel/framework/src/Illuminate/Database/Seeder.php(197): Illuminate/Database/Seeder->{closure:Illuminate/Database/Seeder::__invoke():187}()
#23 C:/Users/supor/OneDrive/Documentos/GitHub/epiperEcommerce/epiper-portal-kilo/8ae0564b-fe3f-4267-8e12-af3e2c096480/epiper-saas/backend/vendor/laravel/framework/src/Illuminate/Database/Seeder.php(61): Illuminate/Database/Seeder->__invoke()
#24 C:/Users/supor/OneDrive/Documentos/GitHub/epiperEcommerce/epiper-portal-kilo/8ae0564b-fe3f-4267-8e12-af3e2c096480/epiper-saas/backend/database/seeders/DatabaseSeeder.php(11): Illuminate/Database/Seeder->call()
#25 C:/Users/supor/OneDrive/Documentos/GitHub/epiperEcommerce/epiper-portal-kilo/8ae0564b-fe3f-4267-8e12-af3e2c096480/epiper-saas/backend/vendor/laravel/framework/src/Illuminate/Container/BoundMethod.php(36): Database/Seeders/DatabaseSeeder->run()
#26 C:/Users/supor/OneDrive/Documentos/GitHub/epiperEcommerce/epiper-portal-kilo/8ae0564b-fe3f-4267-8e12-af3e2c096480/epiper-saas/backend/vendor/laravel/framework/src/Illuminate/Container/Util.php(43): Illuminate/Container/BoundMethod::{closure:Illuminate/Container/BoundMethod::call():35}()
#27 C:/Users/supor/OneDrive/Documentos/GitHub/epiperEcommerce/epiper-portal-kilo/8ae0564b-fe3f-4267-8e12-af3e2c096480/epiper-saas/backend/vendor/laravel/framework/src/Illuminate/Container/BoundMethod.php(95): Illuminate/Container/Util::unwrapIfClosure()
#28 C:/Users/supor/OneDrive/Documentos/GitHub/epiperEcommerce/epiper-portal-kilo/8ae0564b-fe3f-4267-8e12-af3e2c096480/epiper-saas/backend/vendor/laravel/framework/src/Illuminate/Container/BoundMethod.php(35): Illuminate/Container/BoundMethod::callBoundMethod()
#29 C:/Users/supor/OneDrive/Documentos/GitHub/epiperEcommerce/epiper-portal-kilo/8ae0564b-fe3f-4267-8e12-af3e2c096480/epiper-saas/backend/vendor/laravel/framework/src/Illuminate/Container/Container.php(696): Illuminate/Container/BoundMethod::call()
#30 C:/Users/supor/OneDrive/Documentos/GitHub/epiperEcommerce/epiper-portal-kilo/8ae0564b-fe3f-4267-8e12-af3e2c096480/epiper-saas/backend/vendor/laravel/framework/src/Illuminate/Database/Seeder.php(188): Illuminate/Container/Container->call()
#31 C:/Users/supor/OneDrive/Documentos/GitHub/epiperEcommerce/epiper-portal-kilo/8ae0564b-fe3f-4267-8e12-af3e2c096480/epiper-saas/backend/vendor/laravel/framework/src/Illuminate/Database/Seeder.php(197): Illuminate/Database/Seeder->{closure:Illuminate/Database/Seeder::__invoke():187}()
#32 C:/Users/supor/OneDrive/Documentos/GitHub/epiperEcommerce/epiper-portal-kilo/8ae0564b-fe3f-4267-8e12-af3e2c096480/epiper-saas/backend/vendor/laravel/framework/src/Illuminate/Database/Console/Seeds/SeedCommand.php(70): Illuminate/Database/Seeder->__invoke()
#33 C:/Users/supor/OneDrive/Documentos/GitHub/epiperEcommerce/epiper-portal-kilo/8ae0564b-fe3f-4267-8e12-af3e2c096480/epiper-saas/backend/vendor/laravel/framework/src/Illuminate/Database/Eloquent/Concerns/GuardsAttributes.php(155): Illuminate/Database/Console/Seeds/SeedCommand->{closure:Illuminate/Database/Console/Seeds/SeedCommand::handle():69}()
#34 C:/Users/supor/OneDrive/Documentos/GitHub/epiperEcommerce/epiper-portal-kilo/8ae0564b-fe3f-4267-8e12-af3e2c096480/epiper-saas/backend/vendor/laravel/framework/src/Illuminate/Database/Console/Seeds/SeedCommand.php(69): Illuminate/Database/Eloquent/Model::unguarded()
#35 C:/Users/supor/OneDrive/Documentos/GitHub/epiperEcommerce/epiper-portal-kilo/8ae0564b-fe3f-4267-8e12-af3e2c096480/epiper-saas/backend/vendor/laravel/framework/src/Illuminate/Container/BoundMethod.php(36): Illuminate/Database/Console/Seeds/SeedCommand->handle()
#36 C:/Users/supor/OneDrive/Documentos/GitHub/epiperEcommerce/epiper-portal-kilo/8ae0564b-fe3f-4267-8e12-af3e2c096480/epiper-saas/backend/vendor/laravel/framework/src/Illuminate/Container/Util.php(43): Illuminate/Container/BoundMethod::{closure:Illuminate/Container/BoundMethod::call():35}()
#37 C:/Users/supor/OneDrive/Documentos/GitHub/epiperEcommerce/epiper-portal-kilo/8ae0564b-fe3f-4267-8e12-af3e2c096480/epiper-saas/backend/vendor/laravel/framework/src/Illuminate/Container/BoundMethod.php(95): Illuminate/Container/Util::unwrapIfClosure()
#38 C:/Users/supor/OneDrive/Documentos/GitHub/epiperEcommerce/epiper-portal-kilo/8ae0564b-fe3f-4267-8e12-af3e2c096480/epiper-saas/backend/vendor/laravel/framework/src/Illuminate/Container/BoundMethod.php(35): Illuminate/Container/BoundMethod::callBoundMethod()
#39 C:/Users/supor/OneDrive/Documentos/GitHub/epiperEcommerce/epiper-portal-kilo/8ae0564b-fe3f-4267-8e12-af3e2c096480/epiper-saas/backend/vendor/laravel/framework/src/Illuminate/Container/Container.php(696): Illuminate/Container/BoundMethod::call()
#40 C:/Users/supor/OneDrive/Documentos/GitHub/epiperEcommerce/epiper-portal-kilo/8ae0564b-fe3f-4267-8e12-af3e2c096480/epiper-saas/backend/vendor/laravel/framework/src/Illuminate/Console/Command.php(213): Illuminate/Container/Container->call()
#41 C:/Users/supor/OneDrive/Documentos/GitHub/epiperEcommerce/epiper-portal-kilo/8ae0564b-fe3f-4267-8e12-af3e2c096480/epiper-saas/backend/vendor/symfony/console/Command/Command.php(341): Illuminate/Console/Command->execute()
#42 C:/Users/supor/OneDrive/Documentos/GitHub/epiperEcommerce/epiper-portal-kilo/8ae0564b-fe3f-4267-8e12-af3e2c096480/epiper-saas/backend/vendor/laravel/framework/src/Illuminate/Console/Command.php(182): Symfony/Component/Console/Command/Command->run()
#43 C:/Users/supor/OneDrive/Documentos/GitHub/epiperEcommerce/epiper-portal-kilo/8ae0564b-fe3f-4267-8e12-af3e2c096480/epiper-saas/backend/vendor/symfony/console/Application.php(1117): Illuminate/Console/Command->run()
#44 C:/Users/supor/OneDrive/Documentos/GitHub/epiperEcommerce/epiper-portal-kilo/8ae0564b-fe3f-4267-8e12-af3e2c096480/epiper-saas/backend/vendor/symfony/console/Application.php(356): Symfony/Component/Console/Application->doRunCommand()
#45 C:/Users/supor/OneDrive/Documentos/GitHub/epiperEcommerce/epiper-portal-kilo/8ae0564b-fe3f-4267-8e12-af3e2c096480/epiper-saas/backend/vendor/symfony/console/Application.php(195): Symfony/Component/Console/Application->doRun()
#46 C:/Users/supor/OneDrive/Documentos/GitHub/epiperEcommerce/epiper-portal-kilo/8ae0564b-fe3f-4267-8e12-af3e2c096480/epiper-saas/backend/vendor/laravel/framework/src/Illuminate/Foundation/Console/Kernel.php(198): Symfony/Component/Console/Application->run()
#47 C:/Users/supor/OneDrive/Documentos/GitHub/epiperEcommerce/epiper-portal-kilo/8ae0564b-fe3f-4267-8e12-af3e2c096480/epiper-saas/backend/artisan(12): Illuminate/Foundation/Console/Kernel->handle()
#48 {main}

[previous exception] [object] (PDOException(code: HY000): SQLSTATE[HY000]: General error: 1 no such table: cache at C:/Users/supor/OneDrive/Documentos/GitHub/epiperEcommerce/epiper-portal-kilo/8ae0564b-fe3f-4267-8e12-af3e2c096480/epiper-saas/backend/vendor/laravel/framework/src/Illuminate/Database/Connection.php:407)
[stacktrace]
#0 C:/Users/supor/OneDrive/Documentos/GitHub/epiperEcommerce/epiper-portal-kilo/8ae0564b-fe3f-4267-8e12-af3e2c096480/epiper-saas/backend/vendor/laravel/framework/src/Illuminate/Database/Connection.php(407): PDO->prepare()
#1 C:/Users/supor/OneDrive/Documentos/GitHub/epiperEcommerce/epiper-portal-kilo/8ae0564b-fe3f-4267-8e12-af3e2c096480/epiper-saas/backend/vendor/laravel/framework/src/Illuminate/Database/Connection.php(812): Illuminate/Database/Connection->{closure:Illuminate/Database/Connection::select():398}()
#2 C:/Users/supor/OneDrive/Documentos/GitHub/epiperEcommerce/epiper-portal-kilo/8ae0564b-fe3f-4267-8e12-af3e2c096480/epiper-saas/backend/vendor/laravel/framework/src/Illuminate/Database/Connection.php(779): Illuminate/Database/Connection->runQueryCallback()
#3 C:/Users/supor/OneDrive/Documentos/GitHub/epiperEcommerce/epiper-portal-kilo/8ae0564b-fe3f-4267-8e12-af3e2c096480/epiper-saas/backend/vendor/laravel/framework/src/Illuminate/Database/Connection.php(398): Illuminate/Database/Connection->run()
#4 C:/Users/supor/OneDrive/Documentos/GitHub/epiperEcommerce/epiper-portal-kilo/8ae0564b-fe3f-4267-8e12-af3e2c096480/epiper-saas/backend/vendor/laravel/framework/src/Illuminate/Database/Query/Builder.php(3106): Illuminate/Database/Connection->select()
#5 C:/Users/supor/OneDrive/Documentos/GitHub/epiperEcommerce/epiper-portal-kilo/8ae0564b-fe3f-4267-8e12-af3e2c096480/epiper-saas/backend/vendor/laravel/framework/src/Illuminate/Database/Query/Builder.php(3091): Illuminate/Database/Query/Builder->runSelect()
#6 C:/Users/supor/OneDrive/Documentos/GitHub/epiperEcommerce/epiper-portal-kilo/8ae0564b-fe3f-4267-8e12-af3e2c096480/epiper-saas/backend/vendor/laravel/framework/src/Illuminate/Database/Query/Builder.php(3676): Illuminate/Database/Query/Builder->{closure:Illuminate/Database/Query/Builder::get():3090}()
#7 C:/Users/supor/OneDrive/Documentos/GitHub/epiperEcommerce/epiper-portal-kilo/8ae0564b-fe3f-4267-8e12-af3e2c096480/epiper-saas/backend/vendor/laravel/framework/src/Illuminate/Database/Query/Builder.php(3090): Illuminate/Database/Query/Builder->onceWithColumns()
#8 C:/Users/supor/OneDrive/Documentos/GitHub/epiperEcommerce/epiper-portal-kilo/8ae0564b-fe3f-4267-8e12-af3e2c096480/epiper-saas/backend/vendor/laravel/framework/src/Illuminate/Cache/DatabaseStore.php(130): Illuminate/Database/Query/Builder->get()
#9 C:/Users/supor/OneDrive/Documentos/GitHub/epiperEcommerce/epiper-portal-kilo/8ae0564b-fe3f-4267-8e12-af3e2c096480/epiper-saas/backend/vendor/laravel/framework/src/Illuminate/Cache/DatabaseStore.php(105): Illuminate/Cache/DatabaseStore->many()
#10 C:/Users/supor/OneDrive/Documentos/GitHub/epiperEcommerce/epiper-portal-kilo/8ae0564b-fe3f-4267-8e12-af3e2c096480/epiper-saas/backend/vendor/laravel/framework/src/Illuminate/Cache/Repository.php(117): Illuminate/Cache/DatabaseStore->get()
#11 C:/Users/supor/OneDrive/Documentos/GitHub/epiperEcommerce/epiper-portal-kilo/8ae0564b-fe3f-4267-8e12-af3e2c096480/epiper-saas/backend/vendor/laravel/framework/src/Illuminate/Cache/Repository.php(418): Illuminate/Cache/Repository->get()
#12 C:/Users/supor/OneDrive/Documentos/GitHub/epiperEcommerce/epiper-portal-kilo/8ae0564b-fe3f-4267-8e12-af3e2c096480/epiper-saas/backend/vendor/spatie/laravel-permission/src/PermissionRegistrar.php(221): Illuminate/Cache/Repository->remember()
#13 C:/Users/supor/OneDrive/Documentos/GitHub/epiperEcommerce/epiper-portal-kilo/8ae0564b-fe3f-4267-8e12-af3e2c096480/epiper-saas/backend/vendor/spatie/laravel-permission/src/PermissionRegistrar.php(243): Spatie/Permission/PermissionRegistrar->loadPermissions()
#14 C:/Users/supor/OneDrive/Documentos/GitHub/epiperEcommerce/epiper-portal-kilo/8ae0564b-fe3f-4267-8e12-af3e2c096480/epiper-saas/backend/vendor/spatie/laravel-permission/src/Models/Permission.php(146): Spatie/Permission/PermissionRegistrar->getPermissions()
#15 C:/Users/supor/OneDrive/Documentos/GitHub/epiperEcommerce/epiper-portal-kilo/8ae0564b-fe3f-4267-8e12-af3e2c096480/epiper-saas/backend/vendor/spatie/laravel-permission/src/Models/Permission.php(157): Spatie/Permission/Models/Permission::getPermissions()
#16 C:/Users/supor/OneDrive/Documentos/GitHub/epiperEcommerce/epiper-portal-kilo/8ae0564b-fe3f-4267-8e12-af3e2c096480/epiper-saas/backend/vendor/spatie/laravel-permission/src/Models/Permission.php(47): Spatie/Permission/Models/Permission::getPermission()
#17 C:/Users/supor/OneDrive/Documentos/GitHub/epiperEcommerce/epiper-portal-kilo/8ae0564b-fe3f-4267-8e12-af3e2c096480/epiper-saas/backend/database/seeders/RolePermissionSeeder.php(28): Spatie/Permission/Models/Permission::create()
#18 C:/Users/supor/OneDrive/Documentos/GitHub/epiperEcommerce/epiper-portal-kilo/8ae0564b-fe3f-4267-8e12-af3e2c096480/epiper-saas/backend/vendor/laravel/framework/src/Illuminate/Container/BoundMethod.php(36): Database/Seeders/RolePermissionSeeder->run()
#19 C:/Users/supor/OneDrive/Documentos/GitHub/epiperEcommerce/epiper-portal-kilo/8ae0564b-fe3f-4267-8e12-af3e2c096480/epiper-saas/backend/vendor/laravel/framework/src/Illuminate/Container/Util.php(43): Illuminate/Container/BoundMethod::{closure:Illuminate/Container/BoundMethod::call():35}()
#20 C:/Users/supor/OneDrive/Documentos/GitHub/epiperEcommerce/epiper-portal-kilo/8ae0564b-fe3f-4267-8e12-af3e2c096480/epiper-saas/backend/vendor/laravel/framework/src/Illuminate/Container/BoundMethod.php(95): Illuminate/Container/Util::unwrapIfClosure()
#21 C:/Users/supor/OneDrive/Documentos/GitHub/epiperEcommerce/epiper-portal-kilo/8ae0564b-fe3f-4267-8e12-af3e2c096480/epiper-saas/backend/vendor/laravel/framework/src/Illuminate/Container/BoundMethod.php(35): Illuminate/Container/BoundMethod::callBoundMethod()
#22 C:/Users/supor/OneDrive/Documentos/GitHub/epiperEcommerce/epiper-portal-kilo/8ae0564b-fe3f-4267-8e12-af3e2c096480/epiper-saas/backend/vendor/laravel/framework/src/Illuminate/Container/Container.php(696): Illuminate/Container/BoundMethod::call()
#23 C:/Users/supor/OneDrive/Documentos/GitHub/epiperEcommerce/epiper-portal-kilo/8ae0564b-fe3f-4267-8e12-af3e2c096480/epiper-saas/backend/vendor/laravel/framework/src/Illuminate/Database/Seeder.php(188): Illuminate/Container/Container->call()
#24 C:/Users/supor/OneDrive/Documentos/GitHub/epiperEcommerce/epiper-portal-kilo/8ae0564b-fe3f-4267-8e12-af3e2c096480/epiper-saas/backend/vendor/laravel/framework/src/Illuminate/Database/Seeder.php(197): Illuminate/Database/Seeder->{closure:Illuminate/Database/Seeder::__invoke():187}()
#25 C:/Users/supor/OneDrive/Documentos/GitHub/epiperEcommerce/epiper-portal-kilo/8ae0564b-fe3f-4267-8e12-af3e2c096480/epiper-saas/backend/vendor/laravel/framework/src/Illuminate/Database/Seeder.php(61): Illuminate/Database/Seeder->__invoke()
#26 C:/Users/supor/OneDrive/Documentos/GitHub/epiperEcommerce/epiper-portal-kilo/8ae0564b-fe3f-4267-8e12-af3e2c096480/epiper-saas/backend/database/seeders/DatabaseSeeder.php(11): Illuminate/Database/Seeder->call()
#27 C:/Users/supor/OneDrive/Documentos/GitHub/epiperEcommerce/epiper-portal-kilo/8ae0564b-fe3f-4267-8e12-af3e2c096480/epiper-saas/backend/vendor/laravel/framework/src/Illuminate/Container/BoundMethod.php(36): Database/Seeders/DatabaseSeeder->run()
#28 C:/Users/supor/OneDrive/Documentos/GitHub/epiperEcommerce/epiper-portal-kilo/8ae0564b-fe3f-4267-8e12-af3e2c096480/epiper-saas/backend/vendor/laravel/framework/src/Illuminate/Container/Util.php(43): Illuminate/Container/BoundMethod::{closure:Illuminate/Container/BoundMethod::call():35}()
#29 C:/Users/supor/OneDrive/Documentos/GitHub/epiperEcommerce/epiper-portal-kilo/8ae0564b-fe3f-4267-8e12-af3e2c096480/epiper-saas/backend/vendor/laravel/framework/src/Illuminate/Container/BoundMethod.php(95): Illuminate/Container/Util::unwrapIfClosure()
#30 C:/Users/supor/OneDrive/Documentos/GitHub/epiperEcommerce/epiper-portal-kilo/8ae0564b-fe3f-4267-8e12-af3e2c096480/epiper-saas/backend/vendor/laravel/framework/src/Illuminate/Container/BoundMethod.php(35): Illuminate/Container/BoundMethod::callBoundMethod()
#31 C:/Users/supor/OneDrive/Documentos/GitHub/epiperEcommerce/epiper-portal-kilo/8ae0564b-fe3f-4267-8e12-af3e2c096480/epiper-saas/backend/vendor/laravel/framework/src/Illuminate/Container/Container.php(696): Illuminate/Container/BoundMethod::call()
#32 C:/Users/supor/OneDrive/Documentos/GitHub/epiperEcommerce/epiper-portal-kilo/8ae0564b-fe3f-4267-8e12-af3e2c096480/epiper-saas/backend/vendor/laravel/framework/src/Illuminate/Database/Seeder.php(188): Illuminate/Container/Container->call()
#33 C:/Users/supor/OneDrive/Documentos/GitHub/epiperEcommerce/epiper-portal-kilo/8ae0564b-fe3f-4267-8e12-af3e2c096480/epiper-saas/backend/vendor/laravel/framework/src/Illuminate/Database/Seeder.php(197): Illuminate/Database/Seeder->{closure:Illuminate/Database/Seeder::__invoke():187}()
#34 C:/Users/supor/OneDrive/Documentos/GitHub/epiperEcommerce/epiper-portal-kilo/8ae0564b-fe3f-4267-8e12-af3e2c096480/epiper-saas/backend/vendor/laravel/framework/src/Illuminate/Database/Console/Seeds/SeedCommand.php(70): Illuminate/Database/Seeder->__invoke()
#35 C:/Users/supor/OneDrive/Documentos/GitHub/epiperEcommerce/epiper-portal-kilo/8ae0564b-fe3f-4267-8e12-af3e2c096480/epiper-saas/backend/vendor/laravel/framework/src/Illuminate/Database/Eloquent/Concerns/GuardsAttributes.php(155): Illuminate/Database/Console/Seeds/SeedCommand->{closure:Illuminate/Database/Console/Seeds/SeedCommand::handle():69}()
#36 C:/Users/supor/OneDrive/Documentos/GitHub/epiperEcommerce/epiper-portal-kilo/8ae0564b-fe3f-4267-8e12-af3e2c096480/epiper-saas/backend/vendor/laravel/framework/src/Illuminate/Database/Console/Seeds/SeedCommand.php(69): Illuminate/Database/Eloquent/Model::unguarded()
#37 C:/Users/supor/OneDrive/Documentos/GitHub/epiperEcommerce/epiper-portal-kilo/8ae0564b-fe3f-4267-8e12-af3e2c096480/epiper-saas/backend/vendor/laravel/framework/src/Illuminate/Container/BoundMethod.php(36): Illuminate/Database/Console/Seeds/SeedCommand->handle()
#38 C:/Users/supor/OneDrive/Documentos/GitHub/epiperEcommerce/epiper-portal-kilo/8ae0564b-fe3f-4267-8e12-af3e2c096480/epiper-saas/backend/vendor/laravel/framework/src/Illuminate/Container/Util.php(43): Illuminate/Container/BoundMethod::{closure:Illuminate/Container/BoundMethod::call():35}()
#39 C:/Users/supor/OneDrive/Documentos/GitHub/epiperEcommerce/epiper-portal-kilo/8ae0564b-fe3f-4267-8e12-af3e2c096480/epiper-saas/backend/vendor/laravel/framework/src/Illuminate/Container/BoundMethod.php(95): Illuminate/Container/Util::unwrapIfClosure()
#40 C:/Users/supor/OneDrive/Documentos/GitHub/epiperEcommerce/epiper-portal-kilo/8ae0564b-fe3f-4267-8e12-af3e2c096480/epiper-saas/backend/vendor/laravel/framework/src/Illuminate/Container/BoundMethod.php(35): Illuminate/Container/BoundMethod::callBoundMethod()
#41 C:/Users/supor/OneDrive/Documentos/GitHub/epiperEcommerce/epiper-portal-kilo/8ae0564b-fe3f-4267-8e12-af3e2c096480/epiper-saas/backend/vendor/laravel/framework/src/Illuminate/Container/Container.php(696): Illuminate/Container/BoundMethod::call()
#42 C:/Users/supor/OneDrive/Documentos/GitHub/epiperEcommerce/epiper-portal-kilo/8ae0564b-fe3f-4267-8e12-af3e2c096480/epiper-saas/backend/vendor/laravel/framework/src/Illuminate/Console/Command.php(213): Illuminate/Container/Container->call()
#43 C:/Users/supor/OneDrive/Documentos/GitHub/epiperEcommerce/epiper-portal-kilo/8ae0564b-fe3f-4267-8e12-af3e2c096480/epiper-saas/backend/vendor/symfony/console/Command/Command.php(341): Illuminate/Console/Command->execute()
#44 C:/Users/supor/OneDrive/Documentos/GitHub/epiperEcommerce/epiper-portal-kilo/8ae0564b-fe3f-4267-8e12-af3e2c096480/epiper-saas/backend/vendor/laravel/framework/src/Illuminate/Console/Command.php(182): Symfony/Component/Console/Command/Command->run()
#45 C:/Users/supor/OneDrive/Documentos/GitHub/epiperEcommerce/epiper-portal-kilo/8ae0564b-fe3f-4267-8e12-af3e2c096480/epiper-saas/backend/vendor/symfony/console/Application.php(1117): Illuminate/Console/Command->run()
#46 C:/Users/supor/OneDrive/Documentos/GitHub/epiperEcommerce/epiper-portal-kilo/8ae0564b-fe3f-4267-8e12-af3e2c096480/epiper-saas/backend/vendor/symfony/console/Application.php(356): Symfony/Component/Console/Application->doRunCommand()
#47 C:/Users/supor/OneDrive/Documentos/GitHub/epiperEcommerce/epiper-portal-kilo/8ae0564b-fe3f-4267-8e12-af3e2c096480/epiper-saas/backend/vendor/symfony/console/Application.php(195): Symfony/Component/Console/Application->doRun()
#48 C:/Users/supor/OneDrive/Documentos/GitHub/epiperEcommerce/epiper-portal-kilo/8ae0564b-fe3f-4267-8e12-af3e2c096480/epiper-saas/backend/vendor/laravel/framework/src/Illuminate/Foundation/Console/Kernel.php(198): Symfony/Component/Console/Application->run()
#49 C:/Users/supor/OneDrive/Documentos/GitHub/epiperEcommerce/epiper-portal-kilo/8ae0564b-fe3f-4267-8e12-af3e2c096480/epiper-saas/backend/artisan(12): Illuminate/Foundation/Console/Kernel->handle()
#50 {main}
"} 
[2026-07-14 22:13:30] local.ERROR: Command "tinker" is not defined. {"exception":"[object] (Symfony\\Component\\Console\\Exception\\CommandNotFoundException(code: 0): Command \"tinker\" is not defined. at C:/Users/supor/OneDrive/Documentos/GitHub/epiperEcommerce/epiper-portal-kilo/8ae0564b-fe3f-4267-8e12-af3e2c096480/epiper-saas/backend/vendor/symfony/console/Application.php:759)
[stacktrace]
#0 C:/Users/supor/OneDrive/Documentos/GitHub/epiperEcommerce/epiper-portal-kilo/8ae0564b-fe3f-4267-8e12-af3e2c096480/epiper-saas/backend/vendor/symfony/console/Application.php(298): Symfony/Component/Console/Application->find()
#1 C:/Users/supor/OneDrive/Documentos/GitHub/epiperEcommerce/epiper-portal-kilo/8ae0564b-fe3f-4267-8e12-af3e2c096480/epiper-saas/backend/vendor/symfony/console/Application.php(195): Symfony/Component/Console/Application->doRun()
#2 C:/Users/supor/OneDrive/Documentos/GitHub/epiperEcommerce/epiper-portal-kilo/8ae0564b-fe3f-4267-8e12-af3e2c096480/epiper-saas/backend/vendor/laravel/framework/src/Illuminate/Foundation/Console/Kernel.php(198): Symfony/Component/Console/Application->run()
#3 C:/Users/supor/OneDrive/Documentos/GitHub/epiperEcommerce/epiper-portal-kilo/8ae0564b-fe3f-4267-8e12-af3e2c096480/epiper-saas/backend/artisan(12): Illuminate/Foundation/Console/Kernel->handle()
#4 {main}
"} 
